# JRE version: OpenJDK Runtime Environment (7.0_79-b14) (build 1.7.0_79-b14)
# Java VM: OpenJDK 64-Bit Server VM (24.79-b02 mixed mode linux-amd64 compressed oops)
Heap
 PSYoungGen      total 116736K, used 0K [0x00000000f5500000, 0x0000000100000000, 0x0000000100000000)
  eden space 58368K, 0% used [0x00000000f5500000,0x00000000f5500000,0x00000000f8e00000)
  from space 58368K, 0% used [0x00000000fc700000,0x00000000fc700000,0x0000000100000000)
  to   space 58368K, 0% used [0x00000000f8e00000,0x00000000f8e00000,0x00000000fc700000)
 ParOldGen       total 134144K, used 97469K [0x00000000e0000000, 0x00000000e8300000, 0x00000000f5500000)
  object space 134144K, 72% used [0x00000000e0000000,0x00000000e5f2f700,0x00000000e8300000)
 PSPermGen       total 24576K, used 23826K [0x00000000d5a00000, 0x00000000d7200000, 0x00000000e0000000)
  object space 24576K, 96% used [0x00000000d5a00000,0x00000000d7144b08,0x00000000d7200000)
GC Heap History (10 events):
Event: 22.488 GC heap after
Heap after GC invocations=30 (full 4):
 PSYoungGen      total 112128K, used 44723K [0x00000000f5500000, 0x0000000100000000, 0x0000000100000000)
  eden space 59392K, 0% used [0x00000000f5500000,0x00000000f5500000,0x00000000f8f00000)
  from space 52736K, 84% used [0x00000000fc880000,0x00000000ff42ccb0,0x00000000ffc00000)
  to   space 57856K, 0% used [0x00000000f8f00000,0x00000000f8f00000,0x00000000fc780000)
 ParOldGen       total 134144K, used 91829K [0x00000000e0000000, 0x00000000e8300000, 0x00000000f5500000)
  object space 134144K, 68% used [0x00000000e0000000,0x00000000e59ad6a8,0x00000000e8300000)
 PSPermGen       total 24576K, used 20224K [0x00000000d5a00000, 0x00000000d7200000, 0x00000000e0000000)
  object space 24576K, 82% used [0x00000000d5a00000,0x00000000d6dc0228,0x00000000d7200000)
}
Event: 23.670 GC heap before
{Heap before GC invocations=31 (full 4):
 PSYoungGen      total 112128K, used 104115K [0x00000000f5500000, 0x0000000100000000, 0x0000000100000000)
  eden space 59392K, 100% used [0x00000000f5500000,0x00000000f8f00000,0x00000000f8f00000)
  from space 52736K, 84% used [0x00000000fc880000,0x00000000ff42ccb0,0x00000000ffc00000)
  to   space 57856K, 0% used [0x00000000f8f00000,0x00000000f8f00000,0x00000000fc780000)
 ParOldGen       total 134144K, used 91829K [0x00000000e0000000, 0x00000000e8300000, 0x00000000f5500000)
  object space 134144K, 68% used [0x00000000e0000000,0x00000000e59ad6a8,0x00000000e8300000)
 PSPermGen       total 24576K, used 22726K [0x00000000d5a00000, 0x00000000d7200000, 0x00000000e0000000)
  object space 24576K, 92% used [0x00000000d5a00000,0x00000000d7031ab0,0x00000000d7200000)
Event: 23.730 GC heap after
Heap after GC invocations=31 (full 4):
 PSYoungGen      total 107008K, used 47414K [0x00000000f5500000, 0x0000000100000000, 0x0000000100000000)
  eden space 59392K, 0% used [0x00000000f5500000,0x00000000f5500000,0x00000000f8f00000)
  from space 47616K, 99% used [0x00000000f8f00000,0x00000000fbd4da98,0x00000000fbd80000)
  to   space 58368K, 0% used [0x00000000fc700000,0x00000000fc700000,0x0000000100000000)
 ParOldGen       total 134144K, used 91829K [0x00000000e0000000, 0x00000000e8300000, 0x00000000f5500000)
  object space 134144K, 68% used [0x00000000e0000000,0x00000000e59ad6a8,0x00000000e8300000)
 PSPermGen       total 24576K, used 22726K [0x00000000d5a00000, 0x00000000d7200000, 0x00000000e0000000)
  object space 24576K, 92% used [0x00000000d5a00000,0x00000000d7031ab0,0x00000000d7200000)
}
Event: 25.038 GC heap before
{Heap before GC invocations=32 (full 4):
 PSYoungGen      total 107008K, used 106806K [0x00000000f5500000, 0x0000000100000000, 0x0000000100000000)
  eden space 59392K, 100% used [0x00000000f5500000,0x00000000f8f00000,0x00000000f8f00000)
  from space 47616K, 99% used [0x00000000f8f00000,0x00000000fbd4da98,0x00000000fbd80000)
  to   space 58368K, 0% used [0x00000000fc700000,0x00000000fc700000,0x0000000100000000)
 ParOldGen       total 134144K, used 91829K [0x00000000e0000000, 0x00000000e8300000, 0x00000000f5500000)
  object space 134144K, 68% used [0x00000000e0000000,0x00000000e59ad6a8,0x00000000e8300000)
 PSPermGen       total 24576K, used 23266K [0x00000000d5a00000, 0x00000000d7200000, 0x00000000e0000000)
  object space 24576K, 94% used [0x00000000d5a00000,0x00000000d70b88a8,0x00000000d7200000)
Event: 25.084 GC heap after
Heap after GC invocations=32 (full 4):
 PSYoungGen      total 116736K, used 38382K [0x00000000f5500000, 0x0000000100000000, 0x0000000100000000)
  eden space 58368K, 0% used [0x00000000f5500000,0x00000000f5500000,0x00000000f8e00000)
  from space 58368K, 65% used [0x00000000fc700000,0x00000000fec7ba28,0x0000000100000000)
  to   space 58368K, 0% used [0x00000000f8e00000,0x00000000f8e00000,0x00000000fc700000)
 ParOldGen       total 134144K, used 94874K [0x00000000e0000000, 0x00000000e8300000, 0x00000000f5500000)
  object space 134144K, 70% used [0x00000000e0000000,0x00000000e5ca6ab8,0x00000000e8300000)
 PSPermGen       total 24576K, used 23266K [0x00000000d5a00000, 0x00000000d7200000, 0x00000000e0000000)
  object space 24576K, 94% used [0x00000000d5a00000,0x00000000d70b88a8,0x00000000d7200000)
}
Event: 26.190 GC heap before
{Heap before GC invocations=33 (full 4):
 PSYoungGen      total 116736K, used 96750K [0x00000000f5500000, 0x0000000100000000, 0x0000000100000000)
  eden space 58368K, 100% used [0x00000000f5500000,0x00000000f8e00000,0x00000000f8e00000)
  from space 58368K, 65% used [0x00000000fc700000,0x00000000fec7ba28,0x0000000100000000)
  to   space 58368K, 0% used [0x00000000f8e00000,0x00000000f8e00000,0x00000000fc700000)
 ParOldGen       total 134144K, used 94874K [0x00000000e0000000, 0x00000000e8300000, 0x00000000f5500000)
  object space 134144K, 70% used [0x00000000e0000000,0x00000000e5ca6ab8,0x00000000e8300000)
 PSPermGen       total 24576K, used 23697K [0x00000000d5a00000, 0x00000000d7200000, 0x00000000e0000000)
  object space 24576K, 96% used [0x00000000d5a00000,0x00000000d7124628,0x00000000d7200000)
Event: 26.327 GC heap after
Heap after GC invocations=33 (full 4):
 PSYoungGen      total 116736K, used 20161K [0x00000000f5500000, 0x0000000100000000, 0x0000000100000000)
  eden space 58368K, 0% used [0x00000000f5500000,0x00000000f5500000,0x00000000f8e00000)
  from space 58368K, 34% used [0x00000000f8e00000,0x00000000fa1b0520,0x00000000fc700000)
  to   space 58368K, 0% used [0x00000000fc700000,0x00000000fc700000,0x0000000100000000)
 ParOldGen       total 134144K, used 113369K [0x00000000e0000000, 0x00000000e8300000, 0x00000000f5500000)
  object space 134144K, 84% used [0x00000000e0000000,0x00000000e6eb64f0,0x00000000e8300000)
 PSPermGen       total 24576K, used 23697K [0x00000000d5a00000, 0x00000000d7200000, 0x00000000e0000000)
  object space 24576K, 96% used [0x00000000d5a00000,0x00000000d7124628,0x00000000d7200000)
}
Event: 27.400 GC heap before
{Heap before GC invocations=34 (full 4):
 PSYoungGen      total 116736K, used 78529K [0x00000000f5500000, 0x0000000100000000, 0x0000000100000000)
  eden space 58368K, 100% used [0x00000000f5500000,0x00000000f8e00000,0x00000000f8e00000)
  from space 58368K, 34% used [0x00000000f8e00000,0x00000000fa1b0520,0x00000000fc700000)
  to   space 58368K, 0% used [0x00000000fc700000,0x00000000fc700000,0x0000000100000000)
 ParOldGen       total 134144K, used 113369K [0x00000000e0000000, 0x00000000e8300000, 0x00000000f5500000)
  object space 134144K, 84% used [0x00000000e0000000,0x00000000e6eb64f0,0x00000000e8300000)
 PSPermGen       total 24576K, used 23838K [0x00000000d5a00000, 0x00000000d7200000, 0x00000000e0000000)
  object space 24576K, 96% used [0x00000000d5a00000,0x00000000d7147838,0x00000000d7200000)
Event: 27.446 GC heap after
Heap after GC invocations=34 (full 4):
 PSYoungGen      total 116736K, used 8822K [0x00000000f5500000, 0x0000000100000000, 0x0000000100000000)
  eden space 58368K, 0% used [0x00000000f5500000,0x00000000f5500000,0x00000000f8e00000)
  from space 58368K, 15% used [0x00000000fc700000,0x00000000fcf9da50,0x0000000100000000)
  to   space 58368K, 0% used [0x00000000f8e00000,0x00000000f8e00000,0x00000000fc700000)
 ParOldGen       total 134144K, used 123645K [0x00000000e0000000, 0x00000000e8300000, 0x00000000f5500000)
  object space 134144K, 92% used [0x00000000e0000000,0x00000000e78bf5e0,0x00000000e8300000)
 PSPermGen       total 24576K, used 23838K [0x00000000d5a00000, 0x00000000d7200000, 0x00000000e0000000)
  object space 24576K, 96% used [0x00000000d5a00000,0x00000000d7147838,0x00000000d7200000)
}
Event: 27.446 GC heap before
{Heap before GC invocations=35 (full 5):
 PSYoungGen      total 116736K, used 8822K [0x00000000f5500000, 0x0000000100000000, 0x0000000100000000)
  eden space 58368K, 0% used [0x00000000f5500000,0x00000000f5500000,0x00000000f8e00000)
  from space 58368K, 15% used [0x00000000fc700000,0x00000000fcf9da50,0x0000000100000000)
  to   space 58368K, 0% used [0x00000000f8e00000,0x00000000f8e00000,0x00000000fc700000)
 ParOldGen       total 134144K, used 123645K [0x00000000e0000000, 0x00000000e8300000, 0x00000000f5500000)
  object space 134144K, 92% used [0x00000000e0000000,0x00000000e78bf5e0,0x00000000e8300000)
 PSPermGen       total 24576K, used 23838K [0x00000000d5a00000, 0x00000000d7200000, 0x00000000e0000000)
  object space 24576K, 96% used [0x00000000d5a00000,0x00000000d7147838,0x00000000d7200000)

