# JRE version: OpenJDK Runtime Environment (7.0_79-b14) (build 1.7.0_79-b14)
# Java VM: OpenJDK 64-Bit Server VM (24.79-b02 mixed mode linux-amd64 compressed oops)
Heap
 PSYoungGen      total 94720K, used 22237K [0x00000000f5500000, 0x00000000fdf00000, 0x0000000100000000)
  eden space 57856K, 0% used [0x00000000f5500000,0x00000000f5500000,0x00000000f8d80000)
  from space 36864K, 60% used [0x00000000fbb00000,0x00000000fd0b7510,0x00000000fdf00000)
  to   space 31232K, 0% used [0x00000000f8d80000,0x00000000f8d80000,0x00000000fac00000)
 ParOldGen       total 129536K, used 120925K [0x00000000e0000000, 0x00000000e7e80000, 0x00000000f5500000)
  object space 129536K, 93% used [0x00000000e0000000,0x00000000e7617608,0x00000000e7e80000)
 PSPermGen       total 24576K, used 19430K [0x00000000d5a00000, 0x00000000d7200000, 0x00000000e0000000)
  object space 24576K, 79% used [0x00000000d5a00000,0x00000000d6cf98e0,0x00000000d7200000)
GC Heap History (10 events):
Event: 10.532 GC heap after
Heap after GC invocations=21 (full 3):
 PSYoungGen      total 73216K, used 23540K [0x00000000f5500000, 0x00000000fcb00000, 0x0000000100000000)
  eden space 49664K, 0% used [0x00000000f5500000,0x00000000f5500000,0x00000000f8580000)
  from space 23552K, 99% used [0x00000000fa400000,0x00000000fbafd358,0x00000000fbb00000)
  to   space 31232K, 0% used [0x00000000f8580000,0x00000000f8580000,0x00000000fa400000)
 ParOldGen       total 92160K, used 79909K [0x00000000e0000000, 0x00000000e5a00000, 0x00000000f5500000)
  object space 92160K, 86% used [0x00000000e0000000,0x00000000e4e095d8,0x00000000e5a00000)
 PSPermGen       total 24064K, used 14414K [0x00000000d5a00000, 0x00000000d7180000, 0x00000000e0000000)
  object space 24064K, 59% used [0x00000000d5a00000,0x00000000d6813978,0x00000000d7180000)
}
Event: 10.532 GC heap before
{Heap before GC invocations=22 (full 4):
 PSYoungGen      total 73216K, used 23540K [0x00000000f5500000, 0x00000000fcb00000, 0x0000000100000000)
  eden space 49664K, 0% used [0x00000000f5500000,0x00000000f5500000,0x00000000f8580000)
  from space 23552K, 99% used [0x00000000fa400000,0x00000000fbafd358,0x00000000fbb00000)
  to   space 31232K, 0% used [0x00000000f8580000,0x00000000f8580000,0x00000000fa400000)
 ParOldGen       total 92160K, used 79909K [0x00000000e0000000, 0x00000000e5a00000, 0x00000000f5500000)
  object space 92160K, 86% used [0x00000000e0000000,0x00000000e4e095d8,0x00000000e5a00000)
 PSPermGen       total 24064K, used 14414K [0x00000000d5a00000, 0x00000000d7180000, 0x00000000e0000000)
  object space 24064K, 59% used [0x00000000d5a00000,0x00000000d6813978,0x00000000d7180000)
Event: 10.861 GC heap after
Heap after GC invocations=22 (full 4):
 PSYoungGen      total 73216K, used 9134K [0x00000000f5500000, 0x00000000fcb00000, 0x0000000100000000)
  eden space 49664K, 0% used [0x00000000f5500000,0x00000000f5500000,0x00000000f8580000)
  from space 23552K, 38% used [0x00000000fa400000,0x00000000facebb58,0x00000000fbb00000)
  to   space 31232K, 0% used [0x00000000f8580000,0x00000000f8580000,0x00000000fa400000)
 ParOldGen       total 129536K, used 91927K [0x00000000e0000000, 0x00000000e7e80000, 0x00000000f5500000)
  object space 129536K, 70% used [0x00000000e0000000,0x00000000e59c5f00,0x00000000e7e80000)
 PSPermGen       total 24576K, used 14414K [0x00000000d5a00000, 0x00000000d7200000, 0x00000000e0000000)
  object space 24576K, 58% used [0x00000000d5a00000,0x00000000d68138b8,0x00000000d7200000)
}
Event: 12.864 GC heap before
{Heap before GC invocations=23 (full 4):
 PSYoungGen      total 73216K, used 58798K [0x00000000f5500000, 0x00000000fcb00000, 0x0000000100000000)
  eden space 49664K, 100% used [0x00000000f5500000,0x00000000f8580000,0x00000000f8580000)
  from space 23552K, 38% used [0x00000000fa400000,0x00000000facebb58,0x00000000fbb00000)
  to   space 31232K, 0% used [0x00000000f8580000,0x00000000f8580000,0x00000000fa400000)
 ParOldGen       total 129536K, used 91927K [0x00000000e0000000, 0x00000000e7e80000, 0x00000000f5500000)
  object space 129536K, 70% used [0x00000000e0000000,0x00000000e59c5f00,0x00000000e7e80000)
 PSPermGen       total 24576K, used 17970K [0x00000000d5a00000, 0x00000000d7200000, 0x00000000e0000000)
  object space 24576K, 73% used [0x00000000d5a00000,0x00000000d6b8cba0,0x00000000d7200000)
Event: 12.901 GC heap after
Heap after GC invocations=23 (full 4):
 PSYoungGen      total 80896K, used 8044K [0x00000000f5500000, 0x00000000fc900000, 0x0000000100000000)
  eden space 49664K, 0% used [0x00000000f5500000,0x00000000f5500000,0x00000000f8580000)
  from space 31232K, 25% used [0x00000000f8580000,0x00000000f8d5b0f8,0x00000000fa400000)
  to   space 29696K, 0% used [0x00000000fac00000,0x00000000fac00000,0x00000000fc900000)
 ParOldGen       total 129536K, used 101297K [0x00000000e0000000, 0x00000000e7e80000, 0x00000000f5500000)
  object space 129536K, 78% used [0x00000000e0000000,0x00000000e62ec410,0x00000000e7e80000)
 PSPermGen       total 24576K, used 17970K [0x00000000d5a00000, 0x00000000d7200000, 0x00000000e0000000)
  object space 24576K, 73% used [0x00000000d5a00000,0x00000000d6b8cba0,0x00000000d7200000)
}
Event: 14.123 GC heap before
{Heap before GC invocations=24 (full 4):
 PSYoungGen      total 80896K, used 57708K [0x00000000f5500000, 0x00000000fc900000, 0x0000000100000000)
  eden space 49664K, 100% used [0x00000000f5500000,0x00000000f8580000,0x00000000f8580000)
  from space 31232K, 25% used [0x00000000f8580000,0x00000000f8d5b0f8,0x00000000fa400000)
  to   space 29696K, 0% used [0x00000000fac00000,0x00000000fac00000,0x00000000fc900000)
 ParOldGen       total 129536K, used 101297K [0x00000000e0000000, 0x00000000e7e80000, 0x00000000f5500000)
  object space 129536K, 78% used [0x00000000e0000000,0x00000000e62ec410,0x00000000e7e80000)
 PSPermGen       total 24576K, used 18824K [0x00000000d5a00000, 0x00000000d7200000, 0x00000000e0000000)
  object space 24576K, 76% used [0x00000000d5a00000,0x00000000d6c62258,0x00000000d7200000)
Event: 14.147 GC heap after
Heap after GC invocations=24 (full 4):
 PSYoungGen      total 87552K, used 20077K [0x00000000f5500000, 0x00000000fca80000, 0x0000000100000000)
  eden space 57856K, 0% used [0x00000000f5500000,0x00000000f5500000,0x00000000f8d80000)
  from space 29696K, 67% used [0x00000000fac00000,0x00000000fbf9b418,0x00000000fc900000)
  to   space 31232K, 0% used [0x00000000f8d80000,0x00000000f8d80000,0x00000000fac00000)
 ParOldGen       total 129536K, used 101305K [0x00000000e0000000, 0x00000000e7e80000, 0x00000000f5500000)
  object space 129536K, 78% used [0x00000000e0000000,0x00000000e62ee410,0x00000000e7e80000)
 PSPermGen       total 24576K, used 18824K [0x00000000d5a00000, 0x00000000d7200000, 0x00000000e0000000)
  object space 24576K, 76% used [0x00000000d5a00000,0x00000000d6c62258,0x00000000d7200000)
}
Event: 14.775 GC heap before
{Heap before GC invocations=25 (full 4):
 PSYoungGen      total 87552K, used 77933K [0x00000000f5500000, 0x00000000fca80000, 0x0000000100000000)
  eden space 57856K, 100% used [0x00000000f5500000,0x00000000f8d80000,0x00000000f8d80000)
  from space 29696K, 67% used [0x00000000fac00000,0x00000000fbf9b418,0x00000000fc900000)
  to   space 31232K, 0% used [0x00000000f8d80000,0x00000000f8d80000,0x00000000fac00000)
 ParOldGen       total 129536K, used 101305K [0x00000000e0000000, 0x00000000e7e80000, 0x00000000f5500000)
  object space 129536K, 78% used [0x00000000e0000000,0x00000000e62ee410,0x00000000e7e80000)
 PSPermGen       total 24576K, used 18873K [0x00000000d5a00000, 0x00000000d7200000, 0x00000000e0000000)
  object space 24576K, 76% used [0x00000000d5a00000,0x00000000d6c6e700,0x00000000d7200000)
Event: 14.820 GC heap after
Heap after GC invocations=25 (full 4):
 PSYoungGen      total 89088K, used 31213K [0x00000000f5500000, 0x00000000fdf00000, 0x0000000100000000)
  eden space 57856K, 0% used [0x00000000f5500000,0x00000000f5500000,0x00000000f8d80000)
  from space 31232K, 99% used [0x00000000f8d80000,0x00000000fabfb6d8,0x00000000fac00000)
  to   space 36864K, 0% used [0x00000000fbb00000,0x00000000fbb00000,0x00000000fdf00000)
 ParOldGen       total 129536K, used 102972K [0x00000000e0000000, 0x00000000e7e80000, 0x00000000f5500000)
  object space 129536K, 79% used [0x00000000e0000000,0x00000000e648f258,0x00000000e7e80000)
 PSPermGen       total 24576K, used 18873K [0x00000000d5a00000, 0x00000000d7200000, 0x00000000e0000000)
  object space 24576K, 76% used [0x00000000d5a00000,0x00000000d6c6e700,0x00000000d7200000)
}
Event: 20.731 GC heap before
{Heap before GC invocations=26 (full 4):
 PSYoungGen      total 89088K, used 89069K [0x00000000f5500000, 0x00000000fdf00000, 0x0000000100000000)
  eden space 57856K, 100% used [0x00000000f5500000,0x00000000f8d80000,0x00000000f8d80000)
  from space 31232K, 99% used [0x00000000f8d80000,0x00000000fabfb6d8,0x00000000fac00000)
  to   space 36864K, 0% used [0x00000000fbb00000,0x00000000fbb00000,0x00000000fdf00000)
 ParOldGen       total 129536K, used 102972K [0x00000000e0000000, 0x00000000e7e80000, 0x00000000f5500000)
  object space 129536K, 79% used [0x00000000e0000000,0x00000000e648f258,0x00000000e7e80000)
 PSPermGen       total 24576K, used 19430K [0x00000000d5a00000, 0x00000000d7200000, 0x00000000e0000000)
  object space 24576K, 79% used [0x00000000d5a00000,0x00000000d6cf98e0,0x00000000d7200000)

