# JRE version: OpenJDK Runtime Environment (7.0_79-b14) (build 1.7.0_79-b14)
# Java VM: OpenJDK 64-Bit Server VM (24.79-b02 mixed mode linux-amd64 compressed oops)
Heap
 PSYoungGen      total 92160K, used 7062K [0x00000000f5500000, 0x00000000fca00000, 0x0000000100000000)
  eden space 67584K, 0% used [0x00000000f5500000,0x00000000f5500000,0x00000000f9700000)
  from space 24576K, 28% used [0x00000000fb200000,0x00000000fb8e59e8,0x00000000fca00000)
  to   space 26112K, 0% used [0x00000000f9700000,0x00000000f9700000,0x00000000fb080000)
 ParOldGen       total 102912K, used 102682K [0x00000000e0000000, 0x00000000e6480000, 0x00000000f5500000)
  object space 102912K, 99% used [0x00000000e0000000,0x00000000e6446bc0,0x00000000e6480000)
 PSPermGen       total 25088K, used 15744K [0x00000000d5a00000, 0x00000000d7280000, 0x00000000e0000000)
  object space 25088K, 62% used [0x00000000d5a00000,0x00000000d6960270,0x00000000d7280000)
GC Heap History (10 events):
Event: 12.612 GC heap after
Heap after GC invocations=19 (full 3):
 PSYoungGen      total 64512K, used 6341K [0x00000000f5500000, 0x00000000fa800000, 0x0000000100000000)
  eden space 50176K, 0% used [0x00000000f5500000,0x00000000f5500000,0x00000000f8600000)
  from space 14336K, 44% used [0x00000000f9a00000,0x00000000fa031788,0x00000000fa800000)
  to   space 17408K, 0% used [0x00000000f8600000,0x00000000f8600000,0x00000000f9700000)
 ParOldGen       total 102912K, used 69656K [0x00000000e0000000, 0x00000000e6480000, 0x00000000f5500000)
  object space 102912K, 67% used [0x00000000e0000000,0x00000000e4406100,0x00000000e6480000)
 PSPermGen       total 25088K, used 13259K [0x00000000d5a00000, 0x00000000d7280000, 0x00000000e0000000)
  object space 25088K, 52% used [0x00000000d5a00000,0x00000000d66f2ef0,0x00000000d7280000)
}
Event: 15.310 GC heap before
{Heap before GC invocations=20 (full 3):
 PSYoungGen      total 64512K, used 56517K [0x00000000f5500000, 0x00000000fa800000, 0x0000000100000000)
  eden space 50176K, 100% used [0x00000000f5500000,0x00000000f8600000,0x00000000f8600000)
  from space 14336K, 44% used [0x00000000f9a00000,0x00000000fa031788,0x00000000fa800000)
  to   space 17408K, 0% used [0x00000000f8600000,0x00000000f8600000,0x00000000f9700000)
 ParOldGen       total 102912K, used 69656K [0x00000000e0000000, 0x00000000e6480000, 0x00000000f5500000)
  object space 102912K, 67% used [0x00000000e0000000,0x00000000e4406100,0x00000000e6480000)
 PSPermGen       total 25088K, used 14498K [0x00000000d5a00000, 0x00000000d7280000, 0x00000000e0000000)
  object space 25088K, 57% used [0x00000000d5a00000,0x00000000d6828b10,0x00000000d7280000)
Event: 15.317 GC heap after
Heap after GC invocations=20 (full 3):
 PSYoungGen      total 67584K, used 3640K [0x00000000f5500000, 0x00000000fb000000, 0x0000000100000000)
  eden space 50176K, 0% used [0x00000000f5500000,0x00000000f5500000,0x00000000f8600000)
  from space 17408K, 20% used [0x00000000f8600000,0x00000000f898e050,0x00000000f9700000)
  to   space 17408K, 0% used [0x00000000f9f00000,0x00000000f9f00000,0x00000000fb000000)
 ParOldGen       total 102912K, used 69656K [0x00000000e0000000, 0x00000000e6480000, 0x00000000f5500000)
  object space 102912K, 67% used [0x00000000e0000000,0x00000000e4406100,0x00000000e6480000)
 PSPermGen       total 25088K, used 14498K [0x00000000d5a00000, 0x00000000d7280000, 0x00000000e0000000)
  object space 25088K, 57% used [0x00000000d5a00000,0x00000000d6828b10,0x00000000d7280000)
}
Event: 16.403 GC heap before
{Heap before GC invocations=21 (full 3):
 PSYoungGen      total 67584K, used 53816K [0x00000000f5500000, 0x00000000fb000000, 0x0000000100000000)
  eden space 50176K, 100% used [0x00000000f5500000,0x00000000f8600000,0x00000000f8600000)
  from space 17408K, 20% used [0x00000000f8600000,0x00000000f898e050,0x00000000f9700000)
  to   space 17408K, 0% used [0x00000000f9f00000,0x00000000f9f00000,0x00000000fb000000)
 ParOldGen       total 102912K, used 69656K [0x00000000e0000000, 0x00000000e6480000, 0x00000000f5500000)
  object space 102912K, 67% used [0x00000000e0000000,0x00000000e4406100,0x00000000e6480000)
 PSPermGen       total 25088K, used 15201K [0x00000000d5a00000, 0x00000000d7280000, 0x00000000e0000000)
  object space 25088K, 60% used [0x00000000d5a00000,0x00000000d68d8558,0x00000000d7280000)
Event: 16.513 GC heap after
Heap after GC invocations=21 (full 3):
 PSYoungGen      total 72704K, used 17385K [0x00000000f5500000, 0x00000000fb680000, 0x0000000100000000)
  eden space 55296K, 0% used [0x00000000f5500000,0x00000000f5500000,0x00000000f8b00000)
  from space 17408K, 99% used [0x00000000f9f00000,0x00000000faffa728,0x00000000fb000000)
  to   space 20480K, 0% used [0x00000000f8b00000,0x00000000f8b00000,0x00000000f9f00000)
 ParOldGen       total 102912K, used 71198K [0x00000000e0000000, 0x00000000e6480000, 0x00000000f5500000)
  object space 102912K, 69% used [0x00000000e0000000,0x00000000e4587a28,0x00000000e6480000)
 PSPermGen       total 25088K, used 15201K [0x00000000d5a00000, 0x00000000d7280000, 0x00000000e0000000)
  object space 25088K, 60% used [0x00000000d5a00000,0x00000000d68d8558,0x00000000d7280000)
}
Event: 17.542 GC heap before
{Heap before GC invocations=22 (full 3):
 PSYoungGen      total 72704K, used 72681K [0x00000000f5500000, 0x00000000fb680000, 0x0000000100000000)
  eden space 55296K, 100% used [0x00000000f5500000,0x00000000f8b00000,0x00000000f8b00000)
  from space 17408K, 99% used [0x00000000f9f00000,0x00000000faffa728,0x00000000fb000000)
  to   space 20480K, 0% used [0x00000000f8b00000,0x00000000f8b00000,0x00000000f9f00000)
 ParOldGen       total 102912K, used 71198K [0x00000000e0000000, 0x00000000e6480000, 0x00000000f5500000)
  object space 102912K, 69% used [0x00000000e0000000,0x00000000e4587a28,0x00000000e6480000)
 PSPermGen       total 25088K, used 15218K [0x00000000d5a00000, 0x00000000d7280000, 0x00000000e0000000)
  object space 25088K, 60% used [0x00000000d5a00000,0x00000000d68dca00,0x00000000d7280000)
Event: 17.911 GC heap after
Heap after GC invocations=22 (full 3):
 PSYoungGen      total 75776K, used 20455K [0x00000000f5500000, 0x00000000fcc80000, 0x0000000100000000)
  eden space 55296K, 0% used [0x00000000f5500000,0x00000000f5500000,0x00000000f8b00000)
  from space 20480K, 99% used [0x00000000f8b00000,0x00000000f9ef9d48,0x00000000f9f00000)
  to   space 27136K, 0% used [0x00000000fb200000,0x00000000fb200000,0x00000000fcc80000)
 ParOldGen       total 102912K, used 80480K [0x00000000e0000000, 0x00000000e6480000, 0x00000000f5500000)
  object space 102912K, 78% used [0x00000000e0000000,0x00000000e4e98038,0x00000000e6480000)
 PSPermGen       total 25088K, used 15218K [0x00000000d5a00000, 0x00000000d7280000, 0x00000000e0000000)
  object space 25088K, 60% used [0x00000000d5a00000,0x00000000d68dca00,0x00000000d7280000)
}
Event: 19.604 GC heap before
{Heap before GC invocations=23 (full 3):
 PSYoungGen      total 75776K, used 75751K [0x00000000f5500000, 0x00000000fcc80000, 0x0000000100000000)
  eden space 55296K, 100% used [0x00000000f5500000,0x00000000f8b00000,0x00000000f8b00000)
  from space 20480K, 99% used [0x00000000f8b00000,0x00000000f9ef9d48,0x00000000f9f00000)
  to   space 27136K, 0% used [0x00000000fb200000,0x00000000fb200000,0x00000000fcc80000)
 ParOldGen       total 102912K, used 80480K [0x00000000e0000000, 0x00000000e6480000, 0x00000000f5500000)
  object space 102912K, 78% used [0x00000000e0000000,0x00000000e4e98038,0x00000000e6480000)
 PSPermGen       total 25088K, used 15747K [0x00000000d5a00000, 0x00000000d7280000, 0x00000000e0000000)
  object space 25088K, 62% used [0x00000000d5a00000,0x00000000d6960c08,0x00000000d7280000)
Event: 19.797 GC heap after
Heap after GC invocations=23 (full 3):
 PSYoungGen      total 92160K, used 12277K [0x00000000f5500000, 0x00000000fca00000, 0x0000000100000000)
  eden space 67584K, 0% used [0x00000000f5500000,0x00000000f5500000,0x00000000f9700000)
  from space 24576K, 49% used [0x00000000fb200000,0x00000000fbdfd588,0x00000000fca00000)
  to   space 26112K, 0% used [0x00000000f9700000,0x00000000f9700000,0x00000000fb080000)
 ParOldGen       total 102912K, used 100587K [0x00000000e0000000, 0x00000000e6480000, 0x00000000f5500000)
  object space 102912K, 97% used [0x00000000e0000000,0x00000000e623ae98,0x00000000e6480000)
 PSPermGen       total 25088K, used 15747K [0x00000000d5a00000, 0x00000000d7280000, 0x00000000e0000000)
  object space 25088K, 62% used [0x00000000d5a00000,0x00000000d6960c08,0x00000000d7280000)
}
Event: 19.798 GC heap before
{Heap before GC invocations=24 (full 4):
 PSYoungGen      total 92160K, used 12277K [0x00000000f5500000, 0x00000000fca00000, 0x0000000100000000)
  eden space 67584K, 0% used [0x00000000f5500000,0x00000000f5500000,0x00000000f9700000)
  from space 24576K, 49% used [0x00000000fb200000,0x00000000fbdfd588,0x00000000fca00000)
  to   space 26112K, 0% used [0x00000000f9700000,0x00000000f9700000,0x00000000fb080000)
 ParOldGen       total 102912K, used 100587K [0x00000000e0000000, 0x00000000e6480000, 0x00000000f5500000)
  object space 102912K, 97% used [0x00000000e0000000,0x00000000e623ae98,0x00000000e6480000)
 PSPermGen       total 25088K, used 15747K [0x00000000d5a00000, 0x00000000d7280000, 0x00000000e0000000)
  object space 25088K, 62% used [0x00000000d5a00000,0x00000000d6960c08,0x00000000d7280000)

