# JRE version: OpenJDK Runtime Environment (7.0_79-b14) (build 1.7.0_79-b14)
# Java VM: OpenJDK 64-Bit Server VM (24.79-b02 mixed mode linux-amd64 compressed oops)
Heap
 PSYoungGen      total 148992K, used 25133K [0x00000000f5500000, 0x00000000fff00000, 0x0000000100000000)
  eden space 124928K, 12% used [0x00000000f5500000,0x00000000f6467708,0x00000000fcf00000)
  from space 24064K, 38% used [0x00000000fe780000,0x00000000ff0a4088,0x00000000fff00000)
  to   space 24576K, 0% used [0x00000000fcf00000,0x00000000fcf00000,0x00000000fe700000)
 ParOldGen       total 132608K, used 93153K [0x00000000e0000000, 0x00000000e8180000, 0x00000000f5500000)
  object space 132608K, 70% used [0x00000000e0000000,0x00000000e5af8580,0x00000000e8180000)
 PSPermGen       total 37888K, used 26711K [0x00000000d5a00000, 0x00000000d7f00000, 0x00000000e0000000)
  object space 37888K, 70% used [0x00000000d5a00000,0x00000000d7415c20,0x00000000d7f00000)
GC Heap History (10 events):
Event: 40.100 GC heap before
{Heap before GC invocations=63 (full 5):
 PSYoungGen      total 143360K, used 133479K [0x00000000f5500000, 0x0000000100000000, 0x0000000100000000)
  eden space 115200K, 100% used [0x00000000f5500000,0x00000000fc580000,0x00000000fc580000)
  from space 28160K, 64% used [0x00000000fc580000,0x00000000fd759d58,0x00000000fe100000)
  to   space 28160K, 0% used [0x00000000fe480000,0x00000000fe480000,0x0000000100000000)
 ParOldGen       total 132608K, used 85650K [0x00000000e0000000, 0x00000000e8180000, 0x00000000f5500000)
  object space 132608K, 64% used [0x00000000e0000000,0x00000000e53a4ae0,0x00000000e8180000)
 PSPermGen       total 37888K, used 26671K [0x00000000d5a00000, 0x00000000d7f00000, 0x00000000e0000000)
  object space 37888K, 70% used [0x00000000d5a00000,0x00000000d740bd60,0x00000000d7f00000)
Event: 40.131 GC heap after
Heap after GC invocations=63 (full 5):
 PSYoungGen      total 144896K, used 13803K [0x00000000f5500000, 0x00000000ffe00000, 0x0000000100000000)
  eden space 118784K, 0% used [0x00000000f5500000,0x00000000f5500000,0x00000000fc900000)
  from space 26112K, 52% used [0x00000000fe480000,0x00000000ff1faf58,0x00000000ffe00000)
  to   space 27136K, 0% used [0x00000000fc900000,0x00000000fc900000,0x00000000fe380000)
 ParOldGen       total 132608K, used 85650K [0x00000000e0000000, 0x00000000e8180000, 0x00000000f5500000)
  object space 132608K, 64% used [0x00000000e0000000,0x00000000e53a4ae0,0x00000000e8180000)
 PSPermGen       total 37888K, used 26671K [0x00000000d5a00000, 0x00000000d7f00000, 0x00000000e0000000)
  object space 37888K, 70% used [0x00000000d5a00000,0x00000000d740bd60,0x00000000d7f00000)
}
Event: 40.714 GC heap before
{Heap before GC invocations=64 (full 5):
 PSYoungGen      total 144896K, used 132587K [0x00000000f5500000, 0x00000000ffe00000, 0x0000000100000000)
  eden space 118784K, 100% used [0x00000000f5500000,0x00000000fc900000,0x00000000fc900000)
  from space 26112K, 52% used [0x00000000fe480000,0x00000000ff1faf58,0x00000000ffe00000)
  to   space 27136K, 0% used [0x00000000fc900000,0x00000000fc900000,0x00000000fe380000)
 ParOldGen       total 132608K, used 85650K [0x00000000e0000000, 0x00000000e8180000, 0x00000000f5500000)
  object space 132608K, 64% used [0x00000000e0000000,0x00000000e53a4ae0,0x00000000e8180000)
 PSPermGen       total 37888K, used 26680K [0x00000000d5a00000, 0x00000000d7f00000, 0x00000000e0000000)
  object space 37888K, 70% used [0x00000000d5a00000,0x00000000d740e148,0x00000000d7f00000)
Event: 40.738 GC heap after
Heap after GC invocations=64 (full 5):
 PSYoungGen      total 145920K, used 13447K [0x00000000f5500000, 0x00000000fff00000, 0x0000000100000000)
  eden space 118784K, 0% used [0x00000000f5500000,0x00000000f5500000,0x00000000fc900000)
  from space 27136K, 49% used [0x00000000fc900000,0x00000000fd621d68,0x00000000fe380000)
  to   space 26112K, 0% used [0x00000000fe580000,0x00000000fe580000,0x00000000fff00000)
 ParOldGen       total 132608K, used 85650K [0x00000000e0000000, 0x00000000e8180000, 0x00000000f5500000)
  object space 132608K, 64% used [0x00000000e0000000,0x00000000e53a4ae0,0x00000000e8180000)
 PSPermGen       total 37888K, used 26680K [0x00000000d5a00000, 0x00000000d7f00000, 0x00000000e0000000)
  object space 37888K, 70% used [0x00000000d5a00000,0x00000000d740e148,0x00000000d7f00000)
}
Event: 40.947 GC heap before
{Heap before GC invocations=65 (full 5):
 PSYoungGen      total 145920K, used 132231K [0x00000000f5500000, 0x00000000fff00000, 0x0000000100000000)
  eden space 118784K, 100% used [0x00000000f5500000,0x00000000fc900000,0x00000000fc900000)
  from space 27136K, 49% used [0x00000000fc900000,0x00000000fd621d68,0x00000000fe380000)
  to   space 26112K, 0% used [0x00000000fe580000,0x00000000fe580000,0x00000000fff00000)
 ParOldGen       total 132608K, used 85650K [0x00000000e0000000, 0x00000000e8180000, 0x00000000f5500000)
  object space 132608K, 64% used [0x00000000e0000000,0x00000000e53a4ae0,0x00000000e8180000)
 PSPermGen       total 37888K, used 26683K [0x00000000d5a00000, 0x00000000d7f00000, 0x00000000e0000000)
  object space 37888K, 70% used [0x00000000d5a00000,0x00000000d740edc0,0x00000000d7f00000)
Event: 40.972 GC heap after
Heap after GC invocations=65 (full 5):
 PSYoungGen      total 145920K, used 13463K [0x00000000f5500000, 0x00000000ffd00000, 0x0000000100000000)
  eden space 121856K, 0% used [0x00000000f5500000,0x00000000f5500000,0x00000000fcc00000)
  from space 24064K, 55% used [0x00000000fe580000,0x00000000ff2a5cf8,0x00000000ffd00000)
  to   space 25088K, 0% used [0x00000000fcc00000,0x00000000fcc00000,0x00000000fe480000)
 ParOldGen       total 132608K, used 85650K [0x00000000e0000000, 0x00000000e8180000, 0x00000000f5500000)
  object space 132608K, 64% used [0x00000000e0000000,0x00000000e53a4ae0,0x00000000e8180000)
 PSPermGen       total 37888K, used 26683K [0x00000000d5a00000, 0x00000000d7f00000, 0x00000000e0000000)
  object space 37888K, 70% used [0x00000000d5a00000,0x00000000d740edc0,0x00000000d7f00000)
}
Event: 42.918 GC heap before
{Heap before GC invocations=66 (full 5):
 PSYoungGen      total 145920K, used 135319K [0x00000000f5500000, 0x00000000ffd00000, 0x0000000100000000)
  eden space 121856K, 100% used [0x00000000f5500000,0x00000000fcc00000,0x00000000fcc00000)
  from space 24064K, 55% used [0x00000000fe580000,0x00000000ff2a5cf8,0x00000000ffd00000)
  to   space 25088K, 0% used [0x00000000fcc00000,0x00000000fcc00000,0x00000000fe480000)
 ParOldGen       total 132608K, used 85650K [0x00000000e0000000, 0x00000000e8180000, 0x00000000f5500000)
  object space 132608K, 64% used [0x00000000e0000000,0x00000000e53a4ae0,0x00000000e8180000)
 PSPermGen       total 37888K, used 26690K [0x00000000d5a00000, 0x00000000d7f00000, 0x00000000e0000000)
  object space 37888K, 70% used [0x00000000d5a00000,0x00000000d74108b8,0x00000000d7f00000)
Event: 43.266 GC heap after
Heap after GC invocations=66 (full 5):
 PSYoungGen      total 146944K, used 8798K [0x00000000f5500000, 0x0000000100000000, 0x0000000100000000)
  eden space 121856K, 0% used [0x00000000f5500000,0x00000000f5500000,0x00000000fcc00000)
  from space 25088K, 35% used [0x00000000fcc00000,0x00000000fd497b40,0x00000000fe480000)
  to   space 25088K, 0% used [0x00000000fe780000,0x00000000fe780000,0x0000000100000000)
 ParOldGen       total 132608K, used 92553K [0x00000000e0000000, 0x00000000e8180000, 0x00000000f5500000)
  object space 132608K, 69% used [0x00000000e0000000,0x00000000e5a62570,0x00000000e8180000)
 PSPermGen       total 37888K, used 26690K [0x00000000d5a00000, 0x00000000d7f00000, 0x00000000e0000000)
  object space 37888K, 70% used [0x00000000d5a00000,0x00000000d74108b8,0x00000000d7f00000)
}
Event: 58.168 GC heap before
{Heap before GC invocations=67 (full 5):
 PSYoungGen      total 146944K, used 130654K [0x00000000f5500000, 0x0000000100000000, 0x0000000100000000)
  eden space 121856K, 100% used [0x00000000f5500000,0x00000000fcc00000,0x00000000fcc00000)
  from space 25088K, 35% used [0x00000000fcc00000,0x00000000fd497b40,0x00000000fe480000)
  to   space 25088K, 0% used [0x00000000fe780000,0x00000000fe780000,0x0000000100000000)
 ParOldGen       total 132608K, used 92553K [0x00000000e0000000, 0x00000000e8180000, 0x00000000f5500000)
  object space 132608K, 69% used [0x00000000e0000000,0x00000000e5a62570,0x00000000e8180000)
 PSPermGen       total 37888K, used 26708K [0x00000000d5a00000, 0x00000000d7f00000, 0x00000000e0000000)
  object space 37888K, 70% used [0x00000000d5a00000,0x00000000d7415058,0x00000000d7f00000)
Event: 58.409 GC heap after
Heap after GC invocations=67 (full 5):
 PSYoungGen      total 148992K, used 9360K [0x00000000f5500000, 0x00000000fff00000, 0x0000000100000000)
  eden space 124928K, 0% used [0x00000000f5500000,0x00000000f5500000,0x00000000fcf00000)
  from space 24064K, 38% used [0x00000000fe780000,0x00000000ff0a4088,0x00000000fff00000)
  to   space 24576K, 0% used [0x00000000fcf00000,0x00000000fcf00000,0x00000000fe700000)
 ParOldGen       total 132608K, used 93153K [0x00000000e0000000, 0x00000000e8180000, 0x00000000f5500000)
  object space 132608K, 70% used [0x00000000e0000000,0x00000000e5af8580,0x00000000e8180000)
 PSPermGen       total 37888K, used 26708K [0x00000000d5a00000, 0x00000000d7f00000, 0x00000000e0000000)
  object space 37888K, 70% used [0x00000000d5a00000,0x00000000d7415058,0x00000000d7f00000)
}

