# JRE version: OpenJDK Runtime Environment (7.0_79-b14) (build 1.7.0_79-b14)
# Java VM: OpenJDK 64-Bit Server VM (24.79-b02 mixed mode linux-amd64 compressed oops)
Heap
 PSYoungGen      total 130560K, used 6106K [0x00000000f5500000, 0x0000000100000000, 0x0000000100000000)
  eden space 95744K, 0% used [0x00000000f5500000,0x00000000f5500000,0x00000000fb280000)
  from space 34816K, 17% used [0x00000000fd700000,0x00000000fdcf68b0,0x00000000ff900000)
  to   space 37376K, 0% used [0x00000000fb280000,0x00000000fb280000,0x00000000fd700000)
 ParOldGen       total 112128K, used 111786K [0x00000000e0000000, 0x00000000e6d80000, 0x00000000f5500000)
  object space 112128K, 99% used [0x00000000e0000000,0x00000000e6d2a998,0x00000000e6d80000)
 PSPermGen       total 25088K, used 19280K [0x00000000d5a00000, 0x00000000d7280000, 0x00000000e0000000)
  object space 25088K, 76% used [0x00000000d5a00000,0x00000000d6cd4208,0x00000000d7280000)
GC Heap History (10 events):
Event: 11.002 GC heap after
Heap after GC invocations=15 (full 3):
 PSYoungGen      total 87552K, used 822K [0x00000000f5500000, 0x00000000fc380000, 0x0000000100000000)
  eden space 62976K, 0% used [0x00000000f5500000,0x00000000f5500000,0x00000000f9280000)
  from space 24576K, 3% used [0x00000000fab80000,0x00000000fac4dac8,0x00000000fc380000)
  to   space 25088K, 0% used [0x00000000f9280000,0x00000000f9280000,0x00000000fab00000)
 ParOldGen       total 112128K, used 73638K [0x00000000e0000000, 0x00000000e6d80000, 0x00000000f5500000)
  object space 112128K, 65% used [0x00000000e0000000,0x00000000e47e99b0,0x00000000e6d80000)
 PSPermGen       total 25088K, used 13143K [0x00000000d5a00000, 0x00000000d7280000, 0x00000000e0000000)
  object space 25088K, 52% used [0x00000000d5a00000,0x00000000d66d5d08,0x00000000d7280000)
}
Event: 12.022 GC heap before
{Heap before GC invocations=16 (full 3):
 PSYoungGen      total 87552K, used 63798K [0x00000000f5500000, 0x00000000fc380000, 0x0000000100000000)
  eden space 62976K, 100% used [0x00000000f5500000,0x00000000f9280000,0x00000000f9280000)
  from space 24576K, 3% used [0x00000000fab80000,0x00000000fac4dac8,0x00000000fc380000)
  to   space 25088K, 0% used [0x00000000f9280000,0x00000000f9280000,0x00000000fab00000)
 ParOldGen       total 112128K, used 73638K [0x00000000e0000000, 0x00000000e6d80000, 0x00000000f5500000)
  object space 112128K, 65% used [0x00000000e0000000,0x00000000e47e99b0,0x00000000e6d80000)
 PSPermGen       total 25088K, used 13163K [0x00000000d5a00000, 0x00000000d7280000, 0x00000000e0000000)
  object space 25088K, 52% used [0x00000000d5a00000,0x00000000d66dac28,0x00000000d7280000)
Event: 12.056 GC heap after
Heap after GC invocations=16 (full 3):
 PSYoungGen      total 88064K, used 11185K [0x00000000f5500000, 0x00000000fd280000, 0x0000000100000000)
  eden space 62976K, 0% used [0x00000000f5500000,0x00000000f5500000,0x00000000f9280000)
  from space 25088K, 44% used [0x00000000f9280000,0x00000000f9d6c5b8,0x00000000fab00000)
  to   space 24064K, 0% used [0x00000000fbb00000,0x00000000fbb00000,0x00000000fd280000)
 ParOldGen       total 112128K, used 74350K [0x00000000e0000000, 0x00000000e6d80000, 0x00000000f5500000)
  object space 112128K, 66% used [0x00000000e0000000,0x00000000e489b9b0,0x00000000e6d80000)
 PSPermGen       total 25088K, used 13163K [0x00000000d5a00000, 0x00000000d7280000, 0x00000000e0000000)
  object space 25088K, 52% used [0x00000000d5a00000,0x00000000d66dac28,0x00000000d7280000)
}
Event: 13.649 GC heap before
{Heap before GC invocations=17 (full 3):
 PSYoungGen      total 88064K, used 74161K [0x00000000f5500000, 0x00000000fd280000, 0x0000000100000000)
  eden space 62976K, 100% used [0x00000000f5500000,0x00000000f9280000,0x00000000f9280000)
  from space 25088K, 44% used [0x00000000f9280000,0x00000000f9d6c5b8,0x00000000fab00000)
  to   space 24064K, 0% used [0x00000000fbb00000,0x00000000fbb00000,0x00000000fd280000)
 ParOldGen       total 112128K, used 74350K [0x00000000e0000000, 0x00000000e6d80000, 0x00000000f5500000)
  object space 112128K, 66% used [0x00000000e0000000,0x00000000e489b9b0,0x00000000e6d80000)
 PSPermGen       total 25088K, used 17843K [0x00000000d5a00000, 0x00000000d7280000, 0x00000000e0000000)
  object space 25088K, 71% used [0x00000000d5a00000,0x00000000d6b6ce40,0x00000000d7280000)
Event: 13.690 GC heap after
Heap after GC invocations=17 (full 3):
 PSYoungGen      total 103424K, used 17066K [0x00000000f5500000, 0x00000000fd380000, 0x0000000100000000)
  eden space 79360K, 0% used [0x00000000f5500000,0x00000000f5500000,0x00000000fa280000)
  from space 24064K, 70% used [0x00000000fbb00000,0x00000000fcbaa9d8,0x00000000fd280000)
  to   space 25088K, 0% used [0x00000000fa280000,0x00000000fa280000,0x00000000fbb00000)
 ParOldGen       total 112128K, used 74350K [0x00000000e0000000, 0x00000000e6d80000, 0x00000000f5500000)
  object space 112128K, 66% used [0x00000000e0000000,0x00000000e489b9b0,0x00000000e6d80000)
 PSPermGen       total 25088K, used 17843K [0x00000000d5a00000, 0x00000000d7280000, 0x00000000e0000000)
  object space 25088K, 71% used [0x00000000d5a00000,0x00000000d6b6ce40,0x00000000d7280000)
}
Event: 16.228 GC heap before
{Heap before GC invocations=18 (full 3):
 PSYoungGen      total 103424K, used 96426K [0x00000000f5500000, 0x00000000fd380000, 0x0000000100000000)
  eden space 79360K, 100% used [0x00000000f5500000,0x00000000fa280000,0x00000000fa280000)
  from space 24064K, 70% used [0x00000000fbb00000,0x00000000fcbaa9d8,0x00000000fd280000)
  to   space 25088K, 0% used [0x00000000fa280000,0x00000000fa280000,0x00000000fbb00000)
 ParOldGen       total 112128K, used 74350K [0x00000000e0000000, 0x00000000e6d80000, 0x00000000f5500000)
  object space 112128K, 66% used [0x00000000e0000000,0x00000000e489b9b0,0x00000000e6d80000)
 PSPermGen       total 25088K, used 18578K [0x00000000d5a00000, 0x00000000d7280000, 0x00000000e0000000)
  object space 25088K, 74% used [0x00000000d5a00000,0x00000000d6c24918,0x00000000d7280000)
Event: 16.300 GC heap after
Heap after GC invocations=18 (full 3):
 PSYoungGen      total 104448K, used 25071K [0x00000000f5500000, 0x00000000ff900000, 0x0000000100000000)
  eden space 79360K, 0% used [0x00000000f5500000,0x00000000f5500000,0x00000000fa280000)
  from space 25088K, 99% used [0x00000000fa280000,0x00000000fbafbdf8,0x00000000fbb00000)
  to   space 34816K, 0% used [0x00000000fd700000,0x00000000fd700000,0x00000000ff900000)
 ParOldGen       total 112128K, used 89925K [0x00000000e0000000, 0x00000000e6d80000, 0x00000000f5500000)
  object space 112128K, 80% used [0x00000000e0000000,0x00000000e57d1768,0x00000000e6d80000)
 PSPermGen       total 25088K, used 18578K [0x00000000d5a00000, 0x00000000d7280000, 0x00000000e0000000)
  object space 25088K, 74% used [0x00000000d5a00000,0x00000000d6c24918,0x00000000d7280000)
}
Event: 17.525 GC heap before
{Heap before GC invocations=19 (full 3):
 PSYoungGen      total 104448K, used 104431K [0x00000000f5500000, 0x00000000ff900000, 0x0000000100000000)
  eden space 79360K, 100% used [0x00000000f5500000,0x00000000fa280000,0x00000000fa280000)
  from space 25088K, 99% used [0x00000000fa280000,0x00000000fbafbdf8,0x00000000fbb00000)
  to   space 34816K, 0% used [0x00000000fd700000,0x00000000fd700000,0x00000000ff900000)
 ParOldGen       total 112128K, used 89925K [0x00000000e0000000, 0x00000000e6d80000, 0x00000000f5500000)
  object space 112128K, 80% used [0x00000000e0000000,0x00000000e57d1768,0x00000000e6d80000)
 PSPermGen       total 25088K, used 19283K [0x00000000d5a00000, 0x00000000d7280000, 0x00000000e0000000)
  object space 25088K, 76% used [0x00000000d5a00000,0x00000000d6cd4cc0,0x00000000d7280000)
Event: 17.638 GC heap after
Heap after GC invocations=19 (full 3):
 PSYoungGen      total 130560K, used 27447K [0x00000000f5500000, 0x0000000100000000, 0x0000000100000000)
  eden space 95744K, 0% used [0x00000000f5500000,0x00000000f5500000,0x00000000fb280000)
  from space 34816K, 78% used [0x00000000fd700000,0x00000000ff1cdd18,0x00000000ff900000)
  to   space 37376K, 0% used [0x00000000fb280000,0x00000000fb280000,0x00000000fd700000)
 ParOldGen       total 112128K, used 103323K [0x00000000e0000000, 0x00000000e6d80000, 0x00000000f5500000)
  object space 112128K, 92% used [0x00000000e0000000,0x00000000e64e6cb0,0x00000000e6d80000)
 PSPermGen       total 25088K, used 19283K [0x00000000d5a00000, 0x00000000d7280000, 0x00000000e0000000)
  object space 25088K, 76% used [0x00000000d5a00000,0x00000000d6cd4cc0,0x00000000d7280000)
}
Event: 17.638 GC heap before
{Heap before GC invocations=20 (full 4):
 PSYoungGen      total 130560K, used 27447K [0x00000000f5500000, 0x0000000100000000, 0x0000000100000000)
  eden space 95744K, 0% used [0x00000000f5500000,0x00000000f5500000,0x00000000fb280000)
  from space 34816K, 78% used [0x00000000fd700000,0x00000000ff1cdd18,0x00000000ff900000)
  to   space 37376K, 0% used [0x00000000fb280000,0x00000000fb280000,0x00000000fd700000)
 ParOldGen       total 112128K, used 103323K [0x00000000e0000000, 0x00000000e6d80000, 0x00000000f5500000)
  object space 112128K, 92% used [0x00000000e0000000,0x00000000e64e6cb0,0x00000000e6d80000)
 PSPermGen       total 25088K, used 19283K [0x00000000d5a00000, 0x00000000d7280000, 0x00000000e0000000)
  object space 25088K, 76% used [0x00000000d5a00000,0x00000000d6cd4cc0,0x00000000d7280000)

