# JRE version: OpenJDK Runtime Environment (7.0_79-b14) (build 1.7.0_79-b14)
# Java VM: OpenJDK 64-Bit Server VM (24.79-b02 mixed mode linux-amd64 compressed oops)
Heap
 PSYoungGen      total 148992K, used 0K [0x00000000f5500000, 0x0000000100000000, 0x0000000100000000)
  eden space 124928K, 0% used [0x00000000f5500000,0x00000000f5500000,0x00000000fcf00000)
  from space 24064K, 0% used [0x00000000fcf00000,0x00000000fcf00000,0x00000000fe680000)
  to   space 24576K, 0% used [0x00000000fe800000,0x00000000fe800000,0x0000000100000000)
 ParOldGen       total 137728K, used 84668K [0x00000000e0000000, 0x00000000e8680000, 0x00000000f5500000)
  object space 137728K, 61% used [0x00000000e0000000,0x00000000e52af248,0x00000000e8680000)
 PSPermGen       total 27136K, used 26711K [0x00000000d5a00000, 0x00000000d7480000, 0x00000000e0000000)
  object space 27136K, 98% used [0x00000000d5a00000,0x00000000d7415d48,0x00000000d7480000)
GC Heap History (10 events):
Event: 41.300 GC heap after
Heap after GC invocations=55 (full 4):
 PSYoungGen      total 134656K, used 12823K [0x00000000f5500000, 0x00000000ffe00000, 0x0000000100000000)
  eden space 121344K, 0% used [0x00000000f5500000,0x00000000f5500000,0x00000000fcb80000)
  from space 13312K, 96% used [0x00000000fcb80000,0x00000000fd805ff8,0x00000000fd880000)
  to   space 25600K, 0% used [0x00000000fe500000,0x00000000fe500000,0x00000000ffe00000)
 ParOldGen       total 144384K, used 133140K [0x00000000e0000000, 0x00000000e8d00000, 0x00000000f5500000)
  object space 144384K, 92% used [0x00000000e0000000,0x00000000e8205180,0x00000000e8d00000)
 PSPermGen       total 27136K, used 26692K [0x00000000d5a00000, 0x00000000d7480000, 0x00000000e0000000)
  object space 27136K, 98% used [0x00000000d5a00000,0x00000000d7411278,0x00000000d7480000)
}
Event: 41.750 GC heap before
{Heap before GC invocations=56 (full 4):
 PSYoungGen      total 134656K, used 134167K [0x00000000f5500000, 0x00000000ffe00000, 0x0000000100000000)
  eden space 121344K, 100% used [0x00000000f5500000,0x00000000fcb80000,0x00000000fcb80000)
  from space 13312K, 96% used [0x00000000fcb80000,0x00000000fd805ff8,0x00000000fd880000)
  to   space 25600K, 0% used [0x00000000fe500000,0x00000000fe500000,0x00000000ffe00000)
 ParOldGen       total 144384K, used 133140K [0x00000000e0000000, 0x00000000e8d00000, 0x00000000f5500000)
  object space 144384K, 92% used [0x00000000e0000000,0x00000000e8205180,0x00000000e8d00000)
 PSPermGen       total 27136K, used 26697K [0x00000000d5a00000, 0x00000000d7480000, 0x00000000e0000000)
  object space 27136K, 98% used [0x00000000d5a00000,0x00000000d74124f8,0x00000000d7480000)
Event: 41.771 GC heap after
Heap after GC invocations=56 (full 4):
 PSYoungGen      total 148480K, used 12770K [0x00000000f5500000, 0x0000000100000000, 0x0000000100000000)
  eden space 122880K, 0% used [0x00000000f5500000,0x00000000f5500000,0x00000000fcd00000)
  from space 25600K, 49% used [0x00000000fe500000,0x00000000ff178b20,0x00000000ffe00000)
  to   space 24576K, 0% used [0x00000000fcd00000,0x00000000fcd00000,0x00000000fe500000)
 ParOldGen       total 144384K, used 133164K [0x00000000e0000000, 0x00000000e8d00000, 0x00000000f5500000)
  object space 144384K, 92% used [0x00000000e0000000,0x00000000e820b180,0x00000000e8d00000)
 PSPermGen       total 27136K, used 26697K [0x00000000d5a00000, 0x00000000d7480000, 0x00000000e0000000)
  object space 27136K, 98% used [0x00000000d5a00000,0x00000000d74124f8,0x00000000d7480000)
}
Event: 41.900 GC heap before
{Heap before GC invocations=57 (full 4):
 PSYoungGen      total 148480K, used 135650K [0x00000000f5500000, 0x0000000100000000, 0x0000000100000000)
  eden space 122880K, 100% used [0x00000000f5500000,0x00000000fcd00000,0x00000000fcd00000)
  from space 25600K, 49% used [0x00000000fe500000,0x00000000ff178b20,0x00000000ffe00000)
  to   space 24576K, 0% used [0x00000000fcd00000,0x00000000fcd00000,0x00000000fe500000)
 ParOldGen       total 144384K, used 133164K [0x00000000e0000000, 0x00000000e8d00000, 0x00000000f5500000)
  object space 144384K, 92% used [0x00000000e0000000,0x00000000e820b180,0x00000000e8d00000)
 PSPermGen       total 27136K, used 26700K [0x00000000d5a00000, 0x00000000d7480000, 0x00000000e0000000)
  object space 27136K, 98% used [0x00000000d5a00000,0x00000000d74131d8,0x00000000d7480000)
Event: 41.919 GC heap after
Heap after GC invocations=57 (full 4):
 PSYoungGen      total 147456K, used 12735K [0x00000000f5500000, 0x00000000ffe00000, 0x0000000100000000)
  eden space 122880K, 0% used [0x00000000f5500000,0x00000000f5500000,0x00000000fcd00000)
  from space 24576K, 51% used [0x00000000fcd00000,0x00000000fd96ff58,0x00000000fe500000)
  to   space 24064K, 0% used [0x00000000fe680000,0x00000000fe680000,0x00000000ffe00000)
 ParOldGen       total 144384K, used 133164K [0x00000000e0000000, 0x00000000e8d00000, 0x00000000f5500000)
  object space 144384K, 92% used [0x00000000e0000000,0x00000000e820b180,0x00000000e8d00000)
 PSPermGen       total 27136K, used 26700K [0x00000000d5a00000, 0x00000000d7480000, 0x00000000e0000000)
  object space 27136K, 98% used [0x00000000d5a00000,0x00000000d74131d8,0x00000000d7480000)
}
Event: 42.999 GC heap before
{Heap before GC invocations=58 (full 4):
 PSYoungGen      total 147456K, used 135615K [0x00000000f5500000, 0x00000000ffe00000, 0x0000000100000000)
  eden space 122880K, 100% used [0x00000000f5500000,0x00000000fcd00000,0x00000000fcd00000)
  from space 24576K, 51% used [0x00000000fcd00000,0x00000000fd96ff58,0x00000000fe500000)
  to   space 24064K, 0% used [0x00000000fe680000,0x00000000fe680000,0x00000000ffe00000)
 ParOldGen       total 144384K, used 133164K [0x00000000e0000000, 0x00000000e8d00000, 0x00000000f5500000)
  object space 144384K, 92% used [0x00000000e0000000,0x00000000e820b180,0x00000000e8d00000)
 PSPermGen       total 27136K, used 26713K [0x00000000d5a00000, 0x00000000d7480000, 0x00000000e0000000)
  object space 27136K, 98% used [0x00000000d5a00000,0x00000000d7416740,0x00000000d7480000)
Event: 43.034 GC heap after
Heap after GC invocations=58 (full 4):
 PSYoungGen      total 148992K, used 17359K [0x00000000f5500000, 0x00000000fff80000, 0x0000000100000000)
  eden space 124928K, 0% used [0x00000000f5500000,0x00000000f5500000,0x00000000fcf00000)
  from space 24064K, 72% used [0x00000000fe680000,0x00000000ff773f10,0x00000000ffe00000)
  to   space 24064K, 0% used [0x00000000fcf00000,0x00000000fcf00000,0x00000000fe680000)
 ParOldGen       total 144384K, used 133292K [0x00000000e0000000, 0x00000000e8d00000, 0x00000000f5500000)
  object space 144384K, 92% used [0x00000000e0000000,0x00000000e822b1a0,0x00000000e8d00000)
 PSPermGen       total 27136K, used 26713K [0x00000000d5a00000, 0x00000000d7480000, 0x00000000e0000000)
  object space 27136K, 98% used [0x00000000d5a00000,0x00000000d7416740,0x00000000d7480000)
}
Event: 43.787 GC heap before
{Heap before GC invocations=59 (full 4):
 PSYoungGen      total 148992K, used 142287K [0x00000000f5500000, 0x00000000fff80000, 0x0000000100000000)
  eden space 124928K, 100% used [0x00000000f5500000,0x00000000fcf00000,0x00000000fcf00000)
  from space 24064K, 72% used [0x00000000fe680000,0x00000000ff773f10,0x00000000ffe00000)
  to   space 24064K, 0% used [0x00000000fcf00000,0x00000000fcf00000,0x00000000fe680000)
 ParOldGen       total 144384K, used 133292K [0x00000000e0000000, 0x00000000e8d00000, 0x00000000f5500000)
  object space 144384K, 92% used [0x00000000e0000000,0x00000000e822b1a0,0x00000000e8d00000)
 PSPermGen       total 27136K, used 26727K [0x00000000d5a00000, 0x00000000d7480000, 0x00000000e0000000)
  object space 27136K, 98% used [0x00000000d5a00000,0x00000000d7419f68,0x00000000d7480000)
Event: 43.815 GC heap after
Heap after GC invocations=59 (full 4):
 PSYoungGen      total 148992K, used 6734K [0x00000000f5500000, 0x0000000100000000, 0x0000000100000000)
  eden space 124928K, 0% used [0x00000000f5500000,0x00000000f5500000,0x00000000fcf00000)
  from space 24064K, 27% used [0x00000000fcf00000,0x00000000fd593b20,0x00000000fe680000)
  to   space 24576K, 0% used [0x00000000fe800000,0x00000000fe800000,0x0000000100000000)
 ParOldGen       total 144384K, used 139306K [0x00000000e0000000, 0x00000000e8d00000, 0x00000000f5500000)
  object space 144384K, 96% used [0x00000000e0000000,0x00000000e880aba0,0x00000000e8d00000)
 PSPermGen       total 27136K, used 26727K [0x00000000d5a00000, 0x00000000d7480000, 0x00000000e0000000)
  object space 27136K, 98% used [0x00000000d5a00000,0x00000000d7419f68,0x00000000d7480000)
}
Event: 43.817 GC heap before
{Heap before GC invocations=60 (full 5):
 PSYoungGen      total 148992K, used 6734K [0x00000000f5500000, 0x0000000100000000, 0x0000000100000000)
  eden space 124928K, 0% used [0x00000000f5500000,0x00000000f5500000,0x00000000fcf00000)
  from space 24064K, 27% used [0x00000000fcf00000,0x00000000fd593b20,0x00000000fe680000)
  to   space 24576K, 0% used [0x00000000fe800000,0x00000000fe800000,0x0000000100000000)
 ParOldGen       total 144384K, used 139306K [0x00000000e0000000, 0x00000000e8d00000, 0x00000000f5500000)
  object space 144384K, 96% used [0x00000000e0000000,0x00000000e880aba0,0x00000000e8d00000)
 PSPermGen       total 27136K, used 26727K [0x00000000d5a00000, 0x00000000d7480000, 0x00000000e0000000)
  object space 27136K, 98% used [0x00000000d5a00000,0x00000000d7419f68,0x00000000d7480000)

