# JRE version: OpenJDK Runtime Environment (7.0_79-b14) (build 1.7.0_79-b14)
# Java VM: OpenJDK 64-Bit Server VM (24.79-b02 mixed mode linux-amd64 compressed oops)
Heap
 PSYoungGen      total 116736K, used 0K [0x00000000f5500000, 0x0000000100000000, 0x0000000100000000)
  eden space 58368K, 0% used [0x00000000f5500000,0x00000000f5500000,0x00000000f8e00000)
  from space 58368K, 0% used [0x00000000fc700000,0x00000000fc700000,0x0000000100000000)
  to   space 58368K, 0% used [0x00000000f8e00000,0x00000000f8e00000,0x00000000fc700000)
 ParOldGen       total 126464K, used 100053K [0x00000000e0000000, 0x00000000e7b80000, 0x00000000f5500000)
  object space 126464K, 79% used [0x00000000e0000000,0x00000000e61b5788,0x00000000e7b80000)
 PSPermGen       total 24576K, used 23806K [0x00000000d5a00000, 0x00000000d7200000, 0x00000000e0000000)
  object space 24576K, 96% used [0x00000000d5a00000,0x00000000d713fb38,0x00000000d7200000)
GC Heap History (10 events):
Event: 20.848 GC heap after
Heap after GC invocations=28 (full 4):
 PSYoungGen      total 115712K, used 40106K [0x00000000f5500000, 0x0000000100000000, 0x0000000100000000)
  eden space 72192K, 0% used [0x00000000f5500000,0x00000000f5500000,0x00000000f9b80000)
  from space 43520K, 92% used [0x00000000fcb80000,0x00000000ff2aa9e8,0x00000000ff600000)
  to   space 49152K, 0% used [0x00000000f9b80000,0x00000000f9b80000,0x00000000fcb80000)
 ParOldGen       total 126464K, used 91393K [0x00000000e0000000, 0x00000000e7b80000, 0x00000000f5500000)
  object space 126464K, 72% used [0x00000000e0000000,0x00000000e59404b8,0x00000000e7b80000)
 PSPermGen       total 24576K, used 19109K [0x00000000d5a00000, 0x00000000d7200000, 0x00000000e0000000)
  object space 24576K, 77% used [0x00000000d5a00000,0x00000000d6ca94b0,0x00000000d7200000)
}
Event: 22.520 GC heap before
{Heap before GC invocations=29 (full 4):
 PSYoungGen      total 115712K, used 112298K [0x00000000f5500000, 0x0000000100000000, 0x0000000100000000)
  eden space 72192K, 100% used [0x00000000f5500000,0x00000000f9b80000,0x00000000f9b80000)
  from space 43520K, 92% used [0x00000000fcb80000,0x00000000ff2aa9e8,0x00000000ff600000)
  to   space 49152K, 0% used [0x00000000f9b80000,0x00000000f9b80000,0x00000000fcb80000)
 ParOldGen       total 126464K, used 91393K [0x00000000e0000000, 0x00000000e7b80000, 0x00000000f5500000)
  object space 126464K, 72% used [0x00000000e0000000,0x00000000e59404b8,0x00000000e7b80000)
 PSPermGen       total 24576K, used 22704K [0x00000000d5a00000, 0x00000000d7200000, 0x00000000e0000000)
  object space 24576K, 92% used [0x00000000d5a00000,0x00000000d702c110,0x00000000d7200000)
Event: 22.573 GC heap after
Heap after GC invocations=29 (full 4):
 PSYoungGen      total 117760K, used 45366K [0x00000000f5500000, 0x0000000100000000, 0x0000000100000000)
  eden space 72192K, 0% used [0x00000000f5500000,0x00000000f5500000,0x00000000f9b80000)
  from space 45568K, 99% used [0x00000000f9b80000,0x00000000fc7cdb20,0x00000000fc800000)
  to   space 55808K, 0% used [0x00000000fc980000,0x00000000fc980000,0x0000000100000000)
 ParOldGen       total 126464K, used 91393K [0x00000000e0000000, 0x00000000e7b80000, 0x00000000f5500000)
  object space 126464K, 72% used [0x00000000e0000000,0x00000000e59404b8,0x00000000e7b80000)
 PSPermGen       total 24576K, used 22704K [0x00000000d5a00000, 0x00000000d7200000, 0x00000000e0000000)
  object space 24576K, 92% used [0x00000000d5a00000,0x00000000d702c110,0x00000000d7200000)
}
Event: 23.179 GC heap before
{Heap before GC invocations=30 (full 4):
 PSYoungGen      total 117760K, used 117558K [0x00000000f5500000, 0x0000000100000000, 0x0000000100000000)
  eden space 72192K, 100% used [0x00000000f5500000,0x00000000f9b80000,0x00000000f9b80000)
  from space 45568K, 99% used [0x00000000f9b80000,0x00000000fc7cdb20,0x00000000fc800000)
  to   space 55808K, 0% used [0x00000000fc980000,0x00000000fc980000,0x0000000100000000)
 ParOldGen       total 126464K, used 91393K [0x00000000e0000000, 0x00000000e7b80000, 0x00000000f5500000)
  object space 126464K, 72% used [0x00000000e0000000,0x00000000e59404b8,0x00000000e7b80000)
 PSPermGen       total 24576K, used 22743K [0x00000000d5a00000, 0x00000000d7200000, 0x00000000e0000000)
  object space 24576K, 92% used [0x00000000d5a00000,0x00000000d7035c08,0x00000000d7200000)
Event: 23.257 GC heap after
Heap after GC invocations=30 (full 4):
 PSYoungGen      total 114176K, used 47781K [0x00000000f5500000, 0x0000000100000000, 0x0000000100000000)
  eden space 58368K, 0% used [0x00000000f5500000,0x00000000f5500000,0x00000000f8e00000)
  from space 55808K, 85% used [0x00000000fc980000,0x00000000ff829448,0x0000000100000000)
  to   space 58368K, 0% used [0x00000000f8e00000,0x00000000f8e00000,0x00000000fc700000)
 ParOldGen       total 126464K, used 91393K [0x00000000e0000000, 0x00000000e7b80000, 0x00000000f5500000)
  object space 126464K, 72% used [0x00000000e0000000,0x00000000e59404b8,0x00000000e7b80000)
 PSPermGen       total 24576K, used 22743K [0x00000000d5a00000, 0x00000000d7200000, 0x00000000e0000000)
  object space 24576K, 92% used [0x00000000d5a00000,0x00000000d7035c08,0x00000000d7200000)
}
Event: 24.783 GC heap before
{Heap before GC invocations=31 (full 4):
 PSYoungGen      total 114176K, used 106149K [0x00000000f5500000, 0x0000000100000000, 0x0000000100000000)
  eden space 58368K, 100% used [0x00000000f5500000,0x00000000f8e00000,0x00000000f8e00000)
  from space 55808K, 85% used [0x00000000fc980000,0x00000000ff829448,0x0000000100000000)
  to   space 58368K, 0% used [0x00000000f8e00000,0x00000000f8e00000,0x00000000fc700000)
 ParOldGen       total 126464K, used 91393K [0x00000000e0000000, 0x00000000e7b80000, 0x00000000f5500000)
  object space 126464K, 72% used [0x00000000e0000000,0x00000000e59404b8,0x00000000e7b80000)
 PSPermGen       total 24576K, used 23462K [0x00000000d5a00000, 0x00000000d7200000, 0x00000000e0000000)
  object space 24576K, 95% used [0x00000000d5a00000,0x00000000d70e9918,0x00000000d7200000)
Event: 24.837 GC heap after
Heap after GC invocations=31 (full 4):
 PSYoungGen      total 116736K, used 43744K [0x00000000f5500000, 0x0000000100000000, 0x0000000100000000)
  eden space 58368K, 0% used [0x00000000f5500000,0x00000000f5500000,0x00000000f8e00000)
  from space 58368K, 74% used [0x00000000f8e00000,0x00000000fb8b8190,0x00000000fc700000)
  to   space 58368K, 0% used [0x00000000fc700000,0x00000000fc700000,0x0000000100000000)
 ParOldGen       total 126464K, used 92758K [0x00000000e0000000, 0x00000000e7b80000, 0x00000000f5500000)
  object space 126464K, 73% used [0x00000000e0000000,0x00000000e5a95908,0x00000000e7b80000)
 PSPermGen       total 24576K, used 23462K [0x00000000d5a00000, 0x00000000d7200000, 0x00000000e0000000)
  object space 24576K, 95% used [0x00000000d5a00000,0x00000000d70e9918,0x00000000d7200000)
}
Event: 25.804 GC heap before
{Heap before GC invocations=32 (full 4):
 PSYoungGen      total 116736K, used 102112K [0x00000000f5500000, 0x0000000100000000, 0x0000000100000000)
  eden space 58368K, 100% used [0x00000000f5500000,0x00000000f8e00000,0x00000000f8e00000)
  from space 58368K, 74% used [0x00000000f8e00000,0x00000000fb8b8190,0x00000000fc700000)
  to   space 58368K, 0% used [0x00000000fc700000,0x00000000fc700000,0x0000000100000000)
 ParOldGen       total 126464K, used 92758K [0x00000000e0000000, 0x00000000e7b80000, 0x00000000f5500000)
  object space 126464K, 73% used [0x00000000e0000000,0x00000000e5a95908,0x00000000e7b80000)
 PSPermGen       total 24576K, used 23817K [0x00000000d5a00000, 0x00000000d7200000, 0x00000000e0000000)
  object space 24576K, 96% used [0x00000000d5a00000,0x00000000d71424a8,0x00000000d7200000)
Event: 25.891 GC heap after
Heap after GC invocations=32 (full 4):
 PSYoungGen      total 116736K, used 19199K [0x00000000f5500000, 0x0000000100000000, 0x0000000100000000)
  eden space 58368K, 0% used [0x00000000f5500000,0x00000000f5500000,0x00000000f8e00000)
  from space 58368K, 32% used [0x00000000fc700000,0x00000000fd9bffb0,0x0000000100000000)
  to   space 58368K, 0% used [0x00000000f8e00000,0x00000000f8e00000,0x00000000fc700000)
 ParOldGen       total 126464K, used 115154K [0x00000000e0000000, 0x00000000e7b80000, 0x00000000f5500000)
  object space 126464K, 91% used [0x00000000e0000000,0x00000000e7074b30,0x00000000e7b80000)
 PSPermGen       total 24576K, used 23817K [0x00000000d5a00000, 0x00000000d7200000, 0x00000000e0000000)
  object space 24576K, 96% used [0x00000000d5a00000,0x00000000d71424a8,0x00000000d7200000)
}
Event: 25.891 GC heap before
{Heap before GC invocations=33 (full 5):
 PSYoungGen      total 116736K, used 19199K [0x00000000f5500000, 0x0000000100000000, 0x0000000100000000)
  eden space 58368K, 0% used [0x00000000f5500000,0x00000000f5500000,0x00000000f8e00000)
  from space 58368K, 32% used [0x00000000fc700000,0x00000000fd9bffb0,0x0000000100000000)
  to   space 58368K, 0% used [0x00000000f8e00000,0x00000000f8e00000,0x00000000fc700000)
 ParOldGen       total 126464K, used 115154K [0x00000000e0000000, 0x00000000e7b80000, 0x00000000f5500000)
  object space 126464K, 91% used [0x00000000e0000000,0x00000000e7074b30,0x00000000e7b80000)
 PSPermGen       total 24576K, used 23817K [0x00000000d5a00000, 0x00000000d7200000, 0x00000000e0000000)
  object space 24576K, 96% used [0x00000000d5a00000,0x00000000d71424a8,0x00000000d7200000)

