# JRE version: OpenJDK Runtime Environment (7.0_79-b14) (build 1.7.0_79-b14)
# Java VM: OpenJDK 64-Bit Server VM (24.79-b02 mixed mode linux-amd64 compressed oops)
Heap
 PSYoungGen      total 116736K, used 11749K [0x00000000f5500000, 0x0000000100000000, 0x0000000100000000)
  eden space 58368K, 0% used [0x00000000f5500000,0x00000000f5500000,0x00000000f8e00000)
  from space 58368K, 20% used [0x00000000f8e00000,0x00000000f99795a8,0x00000000fc700000)
  to   space 58368K, 0% used [0x00000000fc700000,0x00000000fc700000,0x0000000100000000)
 ParOldGen       total 206336K, used 206015K [0x00000000e0000000, 0x00000000ec980000, 0x00000000f5500000)
  object space 206336K, 99% used [0x00000000e0000000,0x00000000ec92fd38,0x00000000ec980000)
 PSPermGen       total 92160K, used 66086K [0x00000000d5a00000, 0x00000000db400000, 0x00000000e0000000)
  object space 92160K, 71% used [0x00000000d5a00000,0x00000000d9a89908,0x00000000db400000)
GC Heap History (10 events):
Event: 151.988 GC heap after
Heap after GC invocations=50 (full 5):
 PSYoungGen      total 113664K, used 41498K [0x00000000f5500000, 0x0000000100000000, 0x0000000100000000)
  eden space 67584K, 0% used [0x00000000f5500000,0x00000000f5500000,0x00000000f9700000)
  from space 46080K, 90% used [0x00000000f9700000,0x00000000fbf86aa0,0x00000000fc400000)
  to   space 52224K, 0% used [0x00000000fcd00000,0x00000000fcd00000,0x0000000100000000)
 ParOldGen       total 206336K, used 142551K [0x00000000e0000000, 0x00000000ec980000, 0x00000000f5500000)
  object space 206336K, 69% used [0x00000000e0000000,0x00000000e8b35cf0,0x00000000ec980000)
 PSPermGen       total 92160K, used 66457K [0x00000000d5a00000, 0x00000000db400000, 0x00000000e0000000)
  object space 92160K, 72% used [0x00000000d5a00000,0x00000000d9ae6458,0x00000000db400000)
}
Event: 153.626 GC heap before
{Heap before GC invocations=51 (full 5):
 PSYoungGen      total 113664K, used 109082K [0x00000000f5500000, 0x0000000100000000, 0x0000000100000000)
  eden space 67584K, 100% used [0x00000000f5500000,0x00000000f9700000,0x00000000f9700000)
  from space 46080K, 90% used [0x00000000f9700000,0x00000000fbf86aa0,0x00000000fc400000)
  to   space 52224K, 0% used [0x00000000fcd00000,0x00000000fcd00000,0x0000000100000000)
 ParOldGen       total 206336K, used 142551K [0x00000000e0000000, 0x00000000ec980000, 0x00000000f5500000)
  object space 206336K, 69% used [0x00000000e0000000,0x00000000e8b35cf0,0x00000000ec980000)
 PSPermGen       total 92160K, used 66772K [0x00000000d5a00000, 0x00000000db400000, 0x00000000e0000000)
  object space 92160K, 72% used [0x00000000d5a00000,0x00000000d9b35088,0x00000000db400000)
Event: 153.722 GC heap after
Heap after GC invocations=51 (full 5):
 PSYoungGen      total 110592K, used 52194K [0x00000000f5500000, 0x0000000100000000, 0x0000000100000000)
  eden space 58368K, 0% used [0x00000000f5500000,0x00000000f5500000,0x00000000f8e00000)
  from space 52224K, 99% used [0x00000000fcd00000,0x00000000ffff8a90,0x0000000100000000)
  to   space 58368K, 0% used [0x00000000f8e00000,0x00000000f8e00000,0x00000000fc700000)
 ParOldGen       total 206336K, used 146445K [0x00000000e0000000, 0x00000000ec980000, 0x00000000f5500000)
  object space 206336K, 70% used [0x00000000e0000000,0x00000000e8f03688,0x00000000ec980000)
 PSPermGen       total 92160K, used 66772K [0x00000000d5a00000, 0x00000000db400000, 0x00000000e0000000)
  object space 92160K, 72% used [0x00000000d5a00000,0x00000000d9b35088,0x00000000db400000)
}
Event: 154.716 GC heap before
{Heap before GC invocations=52 (full 5):
 PSYoungGen      total 110592K, used 110562K [0x00000000f5500000, 0x0000000100000000, 0x0000000100000000)
  eden space 58368K, 100% used [0x00000000f5500000,0x00000000f8e00000,0x00000000f8e00000)
  from space 52224K, 99% used [0x00000000fcd00000,0x00000000ffff8a90,0x0000000100000000)
  to   space 58368K, 0% used [0x00000000f8e00000,0x00000000f8e00000,0x00000000fc700000)
 ParOldGen       total 206336K, used 146445K [0x00000000e0000000, 0x00000000ec980000, 0x00000000f5500000)
  object space 206336K, 70% used [0x00000000e0000000,0x00000000e8f03688,0x00000000ec980000)
 PSPermGen       total 92160K, used 66871K [0x00000000d5a00000, 0x00000000db400000, 0x00000000e0000000)
  object space 92160K, 72% used [0x00000000d5a00000,0x00000000d9b4de28,0x00000000db400000)
Event: 154.844 GC heap after
Heap after GC invocations=52 (full 5):
 PSYoungGen      total 116736K, used 58347K [0x00000000f5500000, 0x0000000100000000, 0x0000000100000000)
  eden space 58368K, 0% used [0x00000000f5500000,0x00000000f5500000,0x00000000f8e00000)
  from space 58368K, 99% used [0x00000000f8e00000,0x00000000fc6faf58,0x00000000fc700000)
  to   space 58368K, 0% used [0x00000000fc700000,0x00000000fc700000,0x0000000100000000)
 ParOldGen       total 206336K, used 151831K [0x00000000e0000000, 0x00000000ec980000, 0x00000000f5500000)
  object space 206336K, 73% used [0x00000000e0000000,0x00000000e9445e68,0x00000000ec980000)
 PSPermGen       total 92160K, used 66871K [0x00000000d5a00000, 0x00000000db400000, 0x00000000e0000000)
  object space 92160K, 72% used [0x00000000d5a00000,0x00000000d9b4de28,0x00000000db400000)
}
Event: 155.549 GC heap before
{Heap before GC invocations=53 (full 5):
 PSYoungGen      total 116736K, used 116715K [0x00000000f5500000, 0x0000000100000000, 0x0000000100000000)
  eden space 58368K, 100% used [0x00000000f5500000,0x00000000f8e00000,0x00000000f8e00000)
  from space 58368K, 99% used [0x00000000f8e00000,0x00000000fc6faf58,0x00000000fc700000)
  to   space 58368K, 0% used [0x00000000fc700000,0x00000000fc700000,0x0000000100000000)
 ParOldGen       total 206336K, used 151831K [0x00000000e0000000, 0x00000000ec980000, 0x00000000f5500000)
  object space 206336K, 73% used [0x00000000e0000000,0x00000000e9445e68,0x00000000ec980000)
 PSPermGen       total 92160K, used 66966K [0x00000000d5a00000, 0x00000000db400000, 0x00000000e0000000)
  object space 92160K, 72% used [0x00000000d5a00000,0x00000000d9b65b70,0x00000000db400000)
Event: 155.652 GC heap after
Heap after GC invocations=53 (full 5):
 PSYoungGen      total 116736K, used 58361K [0x00000000f5500000, 0x0000000100000000, 0x0000000100000000)
  eden space 58368K, 0% used [0x00000000f5500000,0x00000000f5500000,0x00000000f8e00000)
  from space 58368K, 99% used [0x00000000fc700000,0x00000000ffffe648,0x0000000100000000)
  to   space 58368K, 0% used [0x00000000f8e00000,0x00000000f8e00000,0x00000000fc700000)
 ParOldGen       total 206336K, used 165342K [0x00000000e0000000, 0x00000000ec980000, 0x00000000f5500000)
  object space 206336K, 80% used [0x00000000e0000000,0x00000000ea177b68,0x00000000ec980000)
 PSPermGen       total 92160K, used 66966K [0x00000000d5a00000, 0x00000000db400000, 0x00000000e0000000)
  object space 92160K, 72% used [0x00000000d5a00000,0x00000000d9b65b70,0x00000000db400000)
}
Event: 155.982 GC heap before
{Heap before GC invocations=54 (full 5):
 PSYoungGen      total 116736K, used 116729K [0x00000000f5500000, 0x0000000100000000, 0x0000000100000000)
  eden space 58368K, 100% used [0x00000000f5500000,0x00000000f8e00000,0x00000000f8e00000)
  from space 58368K, 99% used [0x00000000fc700000,0x00000000ffffe648,0x0000000100000000)
  to   space 58368K, 0% used [0x00000000f8e00000,0x00000000f8e00000,0x00000000fc700000)
 ParOldGen       total 206336K, used 165342K [0x00000000e0000000, 0x00000000ec980000, 0x00000000f5500000)
  object space 206336K, 80% used [0x00000000e0000000,0x00000000ea177b68,0x00000000ec980000)
 PSPermGen       total 92160K, used 67013K [0x00000000d5a00000, 0x00000000db400000, 0x00000000e0000000)
  object space 92160K, 72% used [0x00000000d5a00000,0x00000000d9b71428,0x00000000db400000)
Event: 156.078 GC heap after
Heap after GC invocations=54 (full 5):
 PSYoungGen      total 116736K, used 58353K [0x00000000f5500000, 0x0000000100000000, 0x0000000100000000)
  eden space 58368K, 0% used [0x00000000f5500000,0x00000000f5500000,0x00000000f8e00000)
  from space 58368K, 99% used [0x00000000f8e00000,0x00000000fc6fc6d0,0x00000000fc700000)
  to   space 58368K, 0% used [0x00000000fc700000,0x00000000fc700000,0x0000000100000000)
 ParOldGen       total 206336K, used 195068K [0x00000000e0000000, 0x00000000ec980000, 0x00000000f5500000)
  object space 206336K, 94% used [0x00000000e0000000,0x00000000ebe7f010,0x00000000ec980000)
 PSPermGen       total 92160K, used 67013K [0x00000000d5a00000, 0x00000000db400000, 0x00000000e0000000)
  object space 92160K, 72% used [0x00000000d5a00000,0x00000000d9b71428,0x00000000db400000)
}
Event: 156.078 GC heap before
{Heap before GC invocations=55 (full 6):
 PSYoungGen      total 116736K, used 58353K [0x00000000f5500000, 0x0000000100000000, 0x0000000100000000)
  eden space 58368K, 0% used [0x00000000f5500000,0x00000000f5500000,0x00000000f8e00000)
  from space 58368K, 99% used [0x00000000f8e00000,0x00000000fc6fc6d0,0x00000000fc700000)
  to   space 58368K, 0% used [0x00000000fc700000,0x00000000fc700000,0x0000000100000000)
 ParOldGen       total 206336K, used 195068K [0x00000000e0000000, 0x00000000ec980000, 0x00000000f5500000)
  object space 206336K, 94% used [0x00000000e0000000,0x00000000ebe7f010,0x00000000ec980000)
 PSPermGen       total 92160K, used 67013K [0x00000000d5a00000, 0x00000000db400000, 0x00000000e0000000)
  object space 92160K, 72% used [0x00000000d5a00000,0x00000000d9b71428,0x00000000db400000)

